make.exe all --print-data-base --no-builtin-variables --no-builtin-rules --question
make: *** No rule to make target 'all'.  Stop.

# GNU Make 4.3
# Built for Windows32
# Copyright (C) 1988-2020 Free Software Foundation, Inc.
# License GPLv3+: GNU GPL version 3 or later <http://gnu.org/licenses/gpl.html>
# This is free software: you are free to change and redistribute it.
# There is NO WARRANTY, to the extent permitted by law.

# Make data base, printed on Mon May 16 09:06:00 2022

# Variables

# environment
FPS_BROWSER_APP_PROFILE_STRING = Internet Explorer
# environment
SYSTEMDRIVE = C:
# environment
JAVA_HOME = C:\Users\frank\.jdks\openjdk-17.0.2
# makefile (from 'Makefile', line 18)
OBJ = $(SRC:.c=.o)
# environment
LC_ALL = C
# makefile (from 'Makefile', line 7)
SRC = main.c GameOfLife.c Show.c
# environment
USERPROFILE = C:\Users\frank
# environment
C_INCLUDE_PATH = D:\SDL2-2.0.20\x86_64-w64-mingw32\include
# environment
LOCALAPPDATA = C:\Users\frank\AppData\Local
# environment
VSCODE_IPC_HOOK_EXTHOST = \\.\pipe\vscode-ipc-fba2a405-be8c-407f-8e78-d6ae37e92519-sock
# environment
VSCODE_CWD = D:\Microsoft VS Code
# environment
SYSTEMROOT = C:\WINDOWS
# makefile (from 'Makefile', line 13)
LIBS = -lSDL2 -lSDL2_ttf 
# environment
PROCESSOR_LEVEL = 6
# environment
PSMODULEPATH = C:\Program Files\WindowsPowerShell\Modules;C:\WINDOWS\system32\WindowsPowerShell\v1.0\Modules
# default
MAKE_COMMAND := make.exe
# automatic
@D = $(patsubst %/,%,$(patsubst %\,%,$(dir $@)))
# environment
CHROME_CRASHPAD_PIPE_NAME = \\.\pipe\crashpad_13232_AZUYVVXYZLKYPJYM
# environment
FPS_BROWSER_USER_PROFILE_STRING = Default
# environment
VSCODE_HANDLES_UNCAUGHT_ERRORS = true
# default
.VARIABLES := 
# automatic
%D = $(patsubst %/,%,$(patsubst %\,%,$(dir $%)))
# automatic
^D = $(patsubst %/,%,$(patsubst %\,%,$(dir $^)))
# environment
VSCODE_LOG_STACK = false
# automatic
%F = $(notdir $%)
# environment
VSCODE_CODE_CACHE_PATH = C:\Users\frank\AppData\Roaming\Code\CachedData\da15b6fd3ef856477bf6f4fb29ba1b7af717770d
# environment
LANG = C
# default
.LOADED := 
# environment
TMP = C:\Users\frank\AppData\Local\Temp
# default
.INCLUDE_DIRS = .
# makefile
MAKEFLAGS = pqrR
# environment
ONEDRIVE = C:\Users\frank\OneDrive
# makefile
CURDIR := d:/programming_project/CWK2/code/src
# environment
VSCODE_PIPE_LOGGING = true
# environment
APPLICATION_INSIGHTS_NO_DIAGNOSTIC_CHANNEL = 1
# automatic
*D = $(patsubst %/,%,$(patsubst %\,%,$(dir $*)))
# environment
PROGRAMFILES = C:\Program Files
# environment
MFLAGS = -pqrR
# default
.SHELLFLAGS := -c
# environment
COMMONPROGRAMW6432 = C:\Program Files\Common Files
# automatic
+D = $(patsubst %/,%,$(patsubst %\,%,$(dir $+)))
# makefile (from 'Makefile', line 1)
MAKEFILE_LIST := Makefile
# automatic
@F = $(notdir $@)
# environment
VSCODE_VERBOSE_LOGGING = true
# environment
VSCODE_PID = 13232
# automatic
?D = $(patsubst %/,%,$(patsubst %\,%,$(dir $?)))
# automatic
*F = $(notdir $*)
# automatic
<D = $(patsubst %/,%,$(patsubst %\,%,$(dir $<)))
# environment
VSCODE_NLS_CONFIG = {"locale":"zh-cn","availableLanguages":{"*":"zh-cn"},"_languagePackId":"42e84e0914b17800d483f69e299e1b00.zh-cn","_translationsConfigFile":"C:\\Users\\frank\\AppData\\Roaming\\Code\\clp\\42e84e0914b17800d483f69e299e1b00.zh-cn\\tcf.json","_cacheRoot":"C:\\Users\\frank\\AppData\\Roaming\\Code\\clp\\42e84e0914b17800d483f69e299e1b00.zh-cn","_resolvedLanguagePackCoreLocation":"C:\\Users\\frank\\AppData\\Roaming\\Code\\clp\\42e84e0914b17800d483f69e299e1b00.zh-cn\\da15b6fd3ef856477bf6f4fb29ba1b7af717770d","_corruptedFile":"C:\\Users\\frank\\AppData\\Roaming\\Code\\clp\\42e84e0914b17800d483f69e299e1b00.zh-cn\\corrupted.info","_languagePackSupport":true}
# environment
ONEDRIVECONSUMER = C:\Users\frank\OneDrive
# default
MAKE_HOST := Windows32
# environment
PROGRAMDATA = C:\ProgramData
# default
SHELL := C:/cygwin64/bin/sh.exe
# environment
CLASSPATH = C:\Users\frank\.jdks\openjdk-17.0.2\bin;C:\Users\frank\.jdks\openjdk-17.0.2\jre\bin;D:\object_riented_programming\jfreechart\jfreechart-1.0.19\jfreechart-1.0.19\lib
# environment
HOMEPATH = \Users\frank
# default
MAKECMDGOALS := all
# environment
DRIVERDATA = C:\Windows\System32\Drivers\DriverData
# environment
COMSPEC = C:\WINDOWS\system32\cmd.exe
# environment
WINDIR = C:\WINDOWS
# environment
MAKELEVEL := 0
# default
MAKE = $(MAKE_COMMAND)
# environment
PATH = C:\Program Files\Common Files\Oracle\Java\javapath;D:\bin\;C:\WINDOWS\system32;C:\WINDOWS;C:\WINDOWS\System32\Wbem;C:\WINDOWS\System32\WindowsPowerShell\v1.0\;C:\WINDOWS\System32\OpenSSH\;D:\Git\cmd;C:\cygwin64\bin;C:\Users\frank\.jdks\openjdk-17.0.2;D:\SDL2\x86_64-w64-mingw32\bin;D:\SDL2\x86_64-w64-mingw32\include;D:\SDL2\x86_64-w64-mingw32\lib;D:\mingw64\bin;D:\SDL2;D:\SDL2_ttf;D:\Scripts\;D:\;C:\Users\frank\AppData\Local\Microsoft\WindowsApps;D:\Python\PyCharm 2020.3\bin;C:\Users\frank\.dotnet\tools;C:\Users\frank\AppData\Local\atom\bin;D:\Microsoft VS Code\bin;D:\mingw64\bin;D:\c compiler\mingw64\bin;D:\GNUmake\make-4.3\GccRel;C:\Users\frank\AppData\Local\Microsoft\WindowsApps;D:\IntelliJ IDEA 2021.3.2\bin;;C:\Users\frank\.jdks\openjdk-17.0.2;D:\SDL2\x86_64-w64-mingw32\bin;
# environment
COMPUTERNAME = LAPTOP-4T5Q1COJ
# default
MAKEFILES := 
# automatic
^F = $(notdir $^)
# environment
PYCHARM = D:\Python\PyCharm 2020.3\bin;
# environment
PROMPT = $P$G
# environment
INTELLIJ IDEA = D:\IntelliJ IDEA 2021.3.2\bin;
# environment
LOGONSERVER = \\LAPTOP-4T5Q1COJ
# environment
VSCODE_LOG_NATIVE = false
# environment
USERNAME = frank
# environment
COMMONPROGRAMFILES = C:\Program Files\Common Files
# automatic
?F = $(notdir $?)
# environment
PROGRAMW6432 = C:\Program Files
# environment
PATHEXT = .COM;.EXE;.BAT;.CMD;.VBS;.VBE;.JS;.JSE;.WSF;.WSH;.MSC
# automatic
+F = $(notdir $+)
# environment
ORIGINAL_XDG_CURRENT_DESKTOP = undefined
# environment
USERDOMAIN = LAPTOP-4T5Q1COJ
# 'override' directive
GNUMAKEFLAGS := 
# environment
OS = Windows_NT
# makefile (from 'Makefile', line 5)
EXE = $(EXE_DIR)/game
# makefile
.DEFAULT_GOAL := game
# environment
LIBRARY_PATH = D:\SDL2-2.0.20\x86_64-w64-mingw32\lib
# default
MAKE_VERSION := 4.3
# environment
PROGRAMFILES(X86) = C:\Program Files (x86)
# environment
USERDOMAIN_ROAMINGPROFILE = LAPTOP-4T5Q1COJ
# environment
NUMBER_OF_PROCESSORS = 8
# environment
PUBLIC = C:\Users\Public
# environment
APPDATA = C:\Users\frank\AppData\Roaming
# makefile (from 'Makefile', line 12)
CFLAGS = -Wall -O
# environment
HOMEDRIVE = C:
# makefile (from 'Makefile', line 4)
EXE_DIR = .
# environment
PROCESSOR_ARCHITECTURE = AMD64
# makefile (from 'Makefile', line 15)
SDLDIR = D:\SDL2
# environment
VSCODE_AMD_ENTRYPOINT = vs/workbench/api/node/extensionHostProcess
# environment
COMMONPROGRAMFILES(X86) = C:\Program Files (x86)\Common Files
# environment
ELECTRON_RUN_AS_NODE = 1
# environment
TEMP = C:\Users\frank\AppData\Local\Temp
# environment
VSCODE_IPC_HOOK = \\.\pipe\dd0a82a4bb4aadd2aeae6af91e3e2630-1.67.1-main-sock
# default
.RECIPEPREFIX := 
# automatic
<F = $(notdir $<)
# default
SUFFIXES := 
# environment
ALLUSERSPROFILE = C:\ProgramData
# environment
SESSIONNAME = Console
# default
.FEATURES := target-specific order-only second-expansion else-if shortest-stem undefine oneshell nocomment grouped-target extra-prereqs archives jobserver output-sync load
# environment
PROCESSOR_REVISION = 7e05
# makefile (from 'Makefile', line 11)
CC = gcc
# environment
PROCESSOR_IDENTIFIER = Intel64 Family 6 Model 126 Stepping 5, GenuineIntel
# variable set hash-table stats:
# Load=108/1024=11%, Rehash=0, Collisions=15/138=11%

# Pattern-specific Variable Values

# No pattern-specific variable values.

# Directories

# . (key d:/programming_project/CWK2/code/src, mtime 1652629031): 14 files, no impossibilities.

# 14 files, no impossibilities in 1 directories.

# Implicit Rules

# No implicit rules.

# Files

.c.o:
#  Implicit rule search has not been done.
#  Modification time never checked.
#  File has not been updated.
#  recipe to execute (from 'Makefile', line 21):
	$(CC) $(CFLAGS) -c -o $@ $< 

game: main.o GameOfLife.o Show.o
#  Implicit rule search has not been done.
#  Modification time never checked.
#  File has not been updated.
#  recipe to execute (from 'Makefile', line 26):
	$(CC) $(OBJ) -o $(EXE) $(LIBS)

Shwo.o: Show.c DataStructure.h GameWindow.h
#  Implicit rule search has not been done.
#  Modification time never checked.
#  File has not been updated.

# Not a target:
Makefile:
#  Implicit rule search has been done.
#  Last modified 2022-05-13 14:24:34
#  File has been updated.
#  Successfully updated.

# Not a target:
Show.o:
#  Implicit rule search has not been done.
#  Modification time never checked.
#  File has not been updated.

clean:
#  Implicit rule search has not been done.
#  Modification time never checked.
#  File has not been updated.
#  recipe to execute (from 'Makefile', line 31):
	rm -f $(OBJ) $(EXE)

# Not a target:
GameWindow.h:
#  Implicit rule search has not been done.
#  Modification time never checked.
#  File has not been updated.

# Not a target:
Show.c:
#  Implicit rule search has not been done.
#  Modification time never checked.
#  File has not been updated.

# Not a target:
.DEFAULT:
#  Implicit rule search has not been done.
#  Modification time never checked.
#  File has not been updated.

# Not a target:
all:
#  Command line target.
#  Implicit rule search has been done.
#  File does not exist.
#  File has not been updated.

# Not a target:
DataStructure.h:
#  Implicit rule search has not been done.
#  Modification time never checked.
#  File has not been updated.

# Not a target:
main.c:
#  Implicit rule search has not been done.
#  Modification time never checked.
#  File has not been updated.

# Not a target:
GameOfLife.c:
#  Implicit rule search has not been done.
#  Modification time never checked.
#  File has not been updated.

main.o: main.c DataStructure.h NextGenre.h GameWindow.h
#  Implicit rule search has not been done.
#  Modification time never checked.
#  File has not been updated.

# Not a target:
Check.h:
#  Implicit rule search has not been done.
#  Modification time never checked.
#  File has not been updated.

# Not a target:
NextGenre.h:
#  Implicit rule search has not been done.
#  Modification time never checked.
#  File has not been updated.

GameOfLife.o: GameOfLife.c DataStructure.h NextGenre.h Check.h GameWindow.h
#  Implicit rule search has not been done.
#  Modification time never checked.
#  File has not been updated.

# files hash-table stats:
# Load=18/1024=2%, Rehash=0, Collisions=0/45=0%
# VPATH Search Paths

# No 'vpath' search paths.

# No general ('VPATH' variable) search path.

# strcache buffers: 1 (0) / strings = 24 / storage = 199 B / avg = 8 B
# current buf: size = 8162 B / used = 199 B / count = 24 / avg = 8 B

# strcache performance: lookups = 48 / hit rate = 50%
# hash-table stats:
# Load=24/8192=0%, Rehash=0, Collisions=0/48=0%
# Finished Make data base on Mon May 16 09:06:00 2022

 
